<?xml version="1.0" encoding="UTF-8"?>
<!-- Generated by org.testng.reporters.JUnitReportReporter -->
<testsuite skipped="0" hostname="BDC7-D-BGMFH92" name="selenium.Newtest2" tests="1" failures="0" timestamp="03 Jul 2018 07:12:51 GMT" time="9.903" errors="0">
  <testcase name="testGitHubLogin" time="9.903" classname="selenium.Newtest2"/>
</testsuite> <!-- selenium.Newtest2 -->
