<?xml version="1.0" encoding="UTF-8"?>
<!-- Generated by org.testng.reporters.JUnitReportReporter -->
<testsuite hostname="BDC7-D-BGMFH92" name="selenium.Newtest2" tests="1" failures="0" timestamp="4 Jul 2018 04:51:25 GMT" time="19.021" errors="0">
  <testcase name="testGitHubLogin" time="19.021" classname="selenium.Newtest2"/>
</testsuite> <!-- selenium.Newtest2 -->
